%このファイルは日本語文字を含みます.
\BOOKMARK [0][-]{chapter*.1}{概要}{}% 1
\BOOKMARK [0][-]{chapter.1}{はじめに}{}% 2
\BOOKMARK [0][-]{chapter.2}{研究の準備}{}% 3
\BOOKMARK [1][-]{section.2.1}{VDMJ}{chapter.2}% 4
\BOOKMARK [2][-]{subsection.2.1.1}{VDMJのクラス}{section.2.1}% 5
\BOOKMARK [1][-]{section.2.2}{因子と水準}{chapter.2}% 6
\BOOKMARK [1][-]{section.2.3}{ドメイン分析テスト}{chapter.2}% 7
\BOOKMARK [2][-]{subsection.2.3.1}{定義}{section.2.3}% 8
\BOOKMARK [2][-]{subsection.2.3.2}{例}{section.2.3}% 9
\BOOKMARK [0][-]{chapter.3}{既存のBWDM}{}% 10
\BOOKMARK [1][-]{section.3.1}{機能}{chapter.3}% 11
\BOOKMARK [1][-]{section.3.2}{入出力例}{chapter.3}% 12
\BOOKMARK [1][-]{section.3.3}{問題}{chapter.3}% 13
\BOOKMARK [2][-]{subsection.3.3.1}{組合せ爆発に関する問題点}{section.3.3}% 14
\BOOKMARK [2][-]{subsection.3.3.2}{複数変数を含む条件式に関する問題点}{section.3.3}% 15
\BOOKMARK [2][-]{subsection.3.3.3}{単一の関数しかテストケース生成できない問題点}{section.3.3}% 16
\BOOKMARK [2][-]{subsection.3.3.4}{定数定義ブロック内の定義を含む関数のテストケースを生成できない問題点}{section.3.3}% 17
\BOOKMARK [2][-]{subsection.3.3.5}{操作のテストケースを生成できない問題点}{section.3.3}% 18
\BOOKMARK [0][-]{chapter.4}{拡張したBWDM}{}% 19
\BOOKMARK [1][-]{section.4.1}{ペアワイズ法の適用によるテストケース数削減}{chapter.4}% 20
\BOOKMARK [2][-]{subsection.4.1.1}{pict4javaの概要}{section.4.1}% 21
\BOOKMARK [2][-]{subsection.4.1.2}{pict4javaの組込み}{section.4.1}% 22
\BOOKMARK [1][-]{section.4.2}{ドメイン分析テストの適用による複数変数を含む条件式を含む関数のテストケース生成}{chapter.4}% 23
\BOOKMARK [2][-]{subsection.4.2.1}{構文解析部}{section.4.2}% 24
\BOOKMARK [2][-]{subsection.4.2.2}{ドメイン分析部}{section.4.2}% 25
\BOOKMARK [2][-]{subsection.4.2.3}{各ポイントの生成手法の提案と適用}{section.4.2}% 26
\BOOKMARK [2][-]{subsection.4.2.4}{テストケースの生成}{section.4.2}% 27
\BOOKMARK [1][-]{section.4.3}{複数の定義への対応}{chapter.4}% 28
\BOOKMARK [2][-]{subsection.4.3.1}{定義クラス群の作成}{section.4.3}% 29
\BOOKMARK [2][-]{subsection.4.3.2}{抽象構文木解析処理の修正}{section.4.3}% 30
\BOOKMARK [2][-]{subsection.4.3.3}{境界値分析部、記号実行部、ドメイン分析部で定義クラス群を入力とするように修正}{section.4.3}% 31
\BOOKMARK [0][-]{chapter.5}{適用例}{}% 32
\BOOKMARK [1][-]{section.5.1}{因子と水準の組合せ数が大きい仕様}{chapter.5}% 33
\BOOKMARK [1][-]{section.5.2}{複数変数を含む条件式を用いた仕様}{chapter.5}% 34
\BOOKMARK [1][-]{section.5.3}{複数の関数を含む仕様}{chapter.5}% 35
\BOOKMARK [1][-]{section.5.4}{定数を含む関数を含む仕様}{chapter.5}% 36
\BOOKMARK [1][-]{section.5.5}{操作定義を含む仕様}{chapter.5}% 37
\BOOKMARK [0][-]{chapter.6}{考察}{}% 38
\BOOKMARK [1][-]{section.6.1}{評価}{chapter.6}% 39
\BOOKMARK [2][-]{subsection.6.1.1}{膨大な数のテストケースを生成}{section.6.1}% 40
\BOOKMARK [2][-]{subsection.6.1.2}{人手によるドメイン分析テストのためのテストケース作成との比較検証}{section.6.1}% 41
\BOOKMARK [2][-]{subsection.6.1.3}{複数定義対応に関する評価}{section.6.1}% 42
\BOOKMARK [1][-]{section.6.2}{拡張したBWDMの問題点}{chapter.6}% 43
\BOOKMARK [0][-]{chapter.7}{おわりに}{}% 44
\BOOKMARK [0][-]{chapter.7}{謝辞}{}% 45
\BOOKMARK [0][-]{chapter*.7}{参考文献}{}% 46
